#
# There is insufficient memory for the Java Runtime Environment to continue.
# Native memory allocation (malloc) failed to allocate 1465936 bytes for Chunk::new
# Possible reasons:
#   The system is out of physical RAM or swap space
#   In 32 bit mode, the process size limit was hit
# Possible solutions:
#   Reduce memory load on the system
#   Increase physical memory or swap space
#   Check if swap backing store is full
#   Use 64 bit Java on a 64 bit OS
#   Decrease Java heap size (-Xmx/-Xms)
#   Decrease number of Java threads
#   Decrease Java thread stack sizes (-Xss)
#   Set larger code cache with -XX:ReservedCodeCacheSize=
# This output file may be truncated or incomplete.
#
#  Out of Memory Error (allocation.cpp:390), pid=3668, tid=18740
#
# JRE version: Java(TM) SE Runtime Environment (8.0_65-b17) (build 1.8.0_65-b17)
# Java VM: Java HotSpot(TM) 64-Bit Server VM (25.65-b01 mixed mode windows-amd64 compressed oops)
# Failed to write core dump. Minidumps are not enabled by default on client versions of Windows
#

---------------  T H R E A D  ---------------

Current thread (0x0000000019b21000):  JavaThread "C2 CompilerThread1" daemon [_thread_in_native, id=18740, stack(0x000000001a1f0000,0x000000001a2f0000)]

Stack: [0x000000001a1f0000,0x000000001a2f0000]
[error occurred during error reporting (printing stack bounds), id 0xc0000005]

Native frames: (J=compiled Java code, j=interpreted, Vv=VM code, C=native code)


Current CompileTask:
C2:   4585 2981       4       com.sun.javafx.css.CompoundSelector::applies (144 bytes)


---------------  P R O C E S S  ---------------

Java Threads: ( => current thread )
  0x00000000207e9800 JavaThread "Prism Font Disposer" daemon [_thread_blocked, id=8884, stack(0x0000000025ea0000,0x0000000025fa0000)]
  0x00000000200ae000 JavaThread "pool-2-thread-1" [_thread_blocked, id=12544, stack(0x0000000021c20000,0x0000000021d20000)]
  0x000000001a8aa800 JavaThread "Abandoned connection cleanup thread" daemon [_thread_blocked, id=12572, stack(0x00000000215e0000,0x00000000216e0000)]
  0x000000001a85d000 JavaThread "Thread-3" daemon [_thread_in_native, id=12592, stack(0x000000001f910000,0x000000001fa10000)]
  0x000000001a789800 JavaThread "JavaFX-Launcher" [_thread_blocked, id=12596, stack(0x000000001fa10000,0x000000001fb10000)]
  0x000000001a787000 JavaThread "JavaFX Application Thread" [_thread_in_vm, id=12548, stack(0x000000001b280000,0x000000001b380000)]
  0x000000001a775800 JavaThread "Thread-1" daemon [_thread_blocked, id=12576, stack(0x000000001b180000,0x000000001b280000)]
  0x0000000019ee7800 JavaThread "QuantumRenderer-0" daemon [_thread_blocked, id=5288, stack(0x000000001aef0000,0x000000001aff0000)]
  0x0000000019bb9800 JavaThread "Service Thread" daemon [_thread_blocked, id=8468, stack(0x000000001a4f0000,0x000000001a5f0000)]
  0x0000000019b30000 JavaThread "C1 CompilerThread3" daemon [_thread_blocked, id=17556, stack(0x000000001a3f0000,0x000000001a4f0000)]
  0x0000000019b2a800 JavaThread "C2 CompilerThread2" daemon [_thread_blocked, id=13932, stack(0x000000001a2f0000,0x000000001a3f0000)]
=>0x0000000019b21000 JavaThread "C2 CompilerThread1" daemon [_thread_in_native, id=18740, stack(0x000000001a1f0000,0x000000001a2f0000)]
  0x0000000019b1a800 JavaThread "C2 CompilerThread0" daemon [_thread_in_native, id=2488, stack(0x000000001a0f0000,0x000000001a1f0000)]
  0x0000000019b19800 JavaThread "Attach Listener" daemon [_thread_blocked, id=17424, stack(0x0000000019ff0000,0x000000001a0f0000)]
  0x0000000019b18800 JavaThread "Signal Dispatcher" daemon [_thread_blocked, id=11596, stack(0x0000000019ef0000,0x0000000019ff0000)]
  0x0000000002a6b000 JavaThread "Finalizer" daemon [_thread_blocked, id=13156, stack(0x0000000019910000,0x0000000019a10000)]
  0x0000000017a2d000 JavaThread "Reference Handler" daemon [_thread_blocked, id=14536, stack(0x0000000019810000,0x0000000019910000)]
  0x0000000000f6e000 JavaThread "main" [_thread_blocked, id=9588, stack(0x0000000002870000,0x0000000002970000)]

Other Threads:
  0x0000000017a28800 VMThread [stack: 0x0000000019710000,0x0000000019810000] [id=11536]
  0x0000000019bd5000 WatcherThread [stack: 0x000000001a5f0000,0x000000001a6f0000] [id=17516]

VM state:not at safepoint (normal execution)

VM Mutex/Monitor currently owned by a thread: None

Heap:
 PSYoungGen      total 71680K, used 25023K [0x00000000d5c00000, 0x00000000dc580000, 0x0000000100000000)
  eden space 61952K, 40% used [0x00000000d5c00000,0x00000000d746fc48,0x00000000d9880000)
  from space 9728K, 0% used [0x00000000da200000,0x00000000da200000,0x00000000dab80000)
  to   space 9728K, 0% used [0x00000000d9880000,0x00000000d9880000,0x00000000da200000)
 ParOldGen       total 96768K, used 11504K [0x0000000081400000, 0x0000000087280000, 0x00000000d5c00000)
  object space 96768K, 11% used [0x0000000081400000,0x0000000081f3c1a0,0x0000000087280000)
 Metaspace       used 37355K, capacity 38782K, committed 38912K, reserved 1083392K
  class space    used 5296K, capacity 5576K, committed 5632K, reserved 1048576K

Card table byte_map: [0x0000000011e30000,0x0000000012230000] byte_map_base: 0x0000000011a26000

Marking Bits: (ParMarkBitMap*) 0x0000000054d4a5b0
 Begin Bits: [0x0000000012ce0000, 0x0000000014c90000)
 End Bits:   [0x0000000014c90000, 0x0000000016c40000)

Polling page: 0x0000000002790000

CodeCache: size=245760Kb used=12481Kb max_used=12481Kb free=233278Kb
 bounds [0x0000000002a70000, 0x00000000036b0000, 0x0000000011a70000]
 total_blobs=4748 nmethods=3986 adapters=673
 compilation: enabled

Compilation events (10 events):
Event: 4.004 Thread 0x0000000019b30000 nmethod 3364 0x00000000034fc550 code [0x00000000034fc700, 0x00000000034fcd18]
Event: 4.004 Thread 0x0000000019b30000 3355       3       javafx.beans.property.StringPropertyBase::markInvalid (21 bytes)
Event: 4.004 Thread 0x0000000019b30000 nmethod 3355 0x00000000034fd0d0 code [0x00000000034fd240, 0x00000000034fd558]
Event: 4.004 Thread 0x0000000019b30000 3365       3       javafx.scene.Node::computeDerivedDepthTest (71 bytes)
Event: 4.005 Thread 0x0000000019b30000 nmethod 3365 0x0000000003501590 code [0x0000000003501820, 0x0000000003502eb8]
Event: 4.005 Thread 0x0000000019b30000 3367       3       javafx.scene.Parent::<init> (208 bytes)
Event: 4.006 Thread 0x0000000019b2a800 nmethod 3311 0x00000000035034d0 code [0x0000000003503740, 0x0000000003504a28]
Event: 4.006 Thread 0x0000000019b2a800 3330       4       com.sun.javafx.css.BitSet::hashCode (50 bytes)
Event: 4.007 Thread 0x0000000019b2a800 nmethod 3330 0x00000000034fe610 code [0x00000000034fe740, 0x00000000034fe818]
Event: 4.007 Thread 0x0000000019b2a800 3265       4       javafx.scene.Node::getScene (11 bytes)

GC Heap History (10 events):
Event: 0.949 GC heap before
{Heap before GC invocations=4 (full 1):
 PSYoungGen      total 38400K, used 5106K [0x00000000d5c00000, 0x00000000da700000, 0x0000000100000000)
  eden space 33280K, 0% used [0x00000000d5c00000,0x00000000d5c00000,0x00000000d7c80000)
  from space 5120K, 99% used [0x00000000d7c80000,0x00000000d817c898,0x00000000d8180000)
  to   space 5120K, 0% used [0x00000000da200000,0x00000000da200000,0x00000000da700000)
 ParOldGen       total 87552K, used 4943K [0x0000000081400000, 0x0000000086980000, 0x00000000d5c00000)
  object space 87552K, 5% used [0x0000000081400000,0x00000000818d3cb0,0x0000000086980000)
 Metaspace       used 20471K, capacity 21082K, committed 21248K, reserved 1067008K
  class space    used 2759K, capacity 2952K, committed 3072K, reserved 1048576K
Event: 0.973 GC heap after
Heap after GC invocations=4 (full 1):
 PSYoungGen      total 38400K, used 0K [0x00000000d5c00000, 0x00000000da700000, 0x0000000100000000)
  eden space 33280K, 0% used [0x00000000d5c00000,0x00000000d5c00000,0x00000000d7c80000)
  from space 5120K, 0% used [0x00000000d7c80000,0x00000000d7c80000,0x00000000d8180000)
  to   space 5120K, 0% used [0x00000000da200000,0x00000000da200000,0x00000000da700000)
 ParOldGen       total 64512K, used 7729K [0x0000000081400000, 0x0000000085300000, 0x00000000d5c00000)
  object space 64512K, 11% used [0x0000000081400000,0x0000000081b8c460,0x0000000085300000)
 Metaspace       used 20471K, capacity 21082K, committed 21248K, reserved 1067008K
  class space    used 2759K, capacity 2952K, committed 3072K, reserved 1048576K
}
Event: 1.642 GC heap before
{Heap before GC invocations=5 (full 1):
 PSYoungGen      total 38400K, used 33280K [0x00000000d5c00000, 0x00000000da700000, 0x0000000100000000)
  eden space 33280K, 100% used [0x00000000d5c00000,0x00000000d7c80000,0x00000000d7c80000)
  from space 5120K, 0% used [0x00000000d7c80000,0x00000000d7c80000,0x00000000d8180000)
  to   space 5120K, 0% used [0x00000000da200000,0x00000000da200000,0x00000000da700000)
 ParOldGen       total 64512K, used 7729K [0x0000000081400000, 0x0000000085300000, 0x00000000d5c00000)
  object space 64512K, 11% used [0x0000000081400000,0x0000000081b8c460,0x0000000085300000)
 Metaspace       used 26861K, capacity 27514K, committed 27648K, reserved 1073152K
  class space    used 3660K, capacity 3828K, committed 3840K, reserved 1048576K
Event: 1.647 GC heap after
Heap after GC invocations=5 (full 1):
 PSYoungGen      total 51200K, used 5102K [0x00000000d5c00000, 0x00000000da700000, 0x0000000100000000)
  eden space 46080K, 0% used [0x00000000d5c00000,0x00000000d5c00000,0x00000000d8900000)
  from space 5120K, 99% used [0x00000000da200000,0x00000000da6fbbc0,0x00000000da700000)
  to   space 5120K, 0% used [0x00000000d9d00000,0x00000000d9d00000,0x00000000da200000)
 ParOldGen       total 64512K, used 8788K [0x0000000081400000, 0x0000000085300000, 0x00000000d5c00000)
  object space 64512K, 13% used [0x0000000081400000,0x0000000081c950d0,0x0000000085300000)
 Metaspace       used 26861K, capacity 27514K, committed 27648K, reserved 1073152K
  class space    used 3660K, capacity 3828K, committed 3840K, reserved 1048576K
}
Event: 3.571 GC heap before
{Heap before GC invocations=6 (full 1):
 PSYoungGen      total 51200K, used 51182K [0x00000000d5c00000, 0x00000000da700000, 0x0000000100000000)
  eden space 46080K, 100% used [0x00000000d5c00000,0x00000000d8900000,0x00000000d8900000)
  from space 5120K, 99% used [0x00000000da200000,0x00000000da6fbbc0,0x00000000da700000)
  to   space 5120K, 0% used [0x00000000d9d00000,0x00000000d9d00000,0x00000000da200000)
 ParOldGen       total 64512K, used 8788K [0x0000000081400000, 0x0000000085300000, 0x00000000d5c00000)
  object space 64512K, 13% used [0x0000000081400000,0x0000000081c950d0,0x0000000085300000)
 Metaspace       used 33015K, capacity 33710K, committed 34176K, reserved 1079296K
  class space    used 4469K, capacity 4638K, committed 4736K, reserved 1048576K
Event: 3.583 GC heap after
Heap after GC invocations=6 (full 1):
 PSYoungGen      total 67072K, used 5098K [0x00000000d5c00000, 0x00000000dab80000, 0x0000000100000000)
  eden space 61952K, 0% used [0x00000000d5c00000,0x00000000d5c00000,0x00000000d9880000)
  from space 5120K, 99% used [0x00000000d9d00000,0x00000000da1faa50,0x00000000da200000)
  to   space 9728K, 0% used [0x00000000da200000,0x00000000da200000,0x00000000dab80000)
 ParOldGen       total 64512K, used 11699K [0x0000000081400000, 0x0000000085300000, 0x00000000d5c00000)
  object space 64512K, 18% used [0x0000000081400000,0x0000000081f6cff8,0x0000000085300000)
 Metaspace       used 33015K, capacity 33710K, committed 34176K, reserved 1079296K
  class space    used 4469K, capacity 4638K, committed 4736K, reserved 1048576K
}
Event: 3.685 GC heap before
{Heap before GC invocations=7 (full 1):
 PSYoungGen      total 67072K, used 8825K [0x00000000d5c00000, 0x00000000dab80000, 0x0000000100000000)
  eden space 61952K, 6% used [0x00000000d5c00000,0x00000000d5fa3cf8,0x00000000d9880000)
  from space 5120K, 99% used [0x00000000d9d00000,0x00000000da1faa50,0x00000000da200000)
  to   space 9728K, 0% used [0x00000000da200000,0x00000000da200000,0x00000000dab80000)
 ParOldGen       total 64512K, used 11699K [0x0000000081400000, 0x0000000085300000, 0x00000000d5c00000)
  object space 64512K, 18% used [0x0000000081400000,0x0000000081f6cff8,0x0000000085300000)
 Metaspace       used 34367K, capacity 35242K, committed 35416K, reserved 1079296K
  class space    used 4788K, capacity 4980K, committed 4992K, reserved 1048576K
Event: 3.688 GC heap after
Heap after GC invocations=7 (full 1):
 PSYoungGen      total 71680K, used 5348K [0x00000000d5c00000, 0x00000000dc580000, 0x0000000100000000)
  eden space 61952K, 0% used [0x00000000d5c00000,0x00000000d5c00000,0x00000000d9880000)
  from space 9728K, 54% used [0x00000000da200000,0x00000000da739090,0x00000000dab80000)
  to   space 9728K, 0% used [0x00000000d9880000,0x00000000d9880000,0x00000000da200000)
 ParOldGen       total 64512K, used 11707K [0x0000000081400000, 0x0000000085300000, 0x00000000d5c00000)
  object space 64512K, 18% used [0x0000000081400000,0x0000000081f6eff8,0x0000000085300000)
 Metaspace       used 34367K, capacity 35242K, committed 35416K, reserved 1079296K
  class space    used 4788K, capacity 4980K, committed 4992K, reserved 1048576K
}
Event: 3.689 GC heap before
{Heap before GC invocations=8 (full 2):
 PSYoungGen      total 71680K, used 5348K [0x00000000d5c00000, 0x00000000dc580000, 0x0000000100000000)
  eden space 61952K, 0% used [0x00000000d5c00000,0x00000000d5c00000,0x00000000d9880000)
  from space 9728K, 54% used [0x00000000da200000,0x00000000da739090,0x00000000dab80000)
  to   space 9728K, 0% used [0x00000000d9880000,0x00000000d9880000,0x00000000da200000)
 ParOldGen       total 64512K, used 11707K [0x0000000081400000, 0x0000000085300000, 0x00000000d5c00000)
  object space 64512K, 18% used [0x0000000081400000,0x0000000081f6eff8,0x0000000085300000)
 Metaspace       used 34367K, capacity 35242K, committed 35416K, reserved 1079296K
  class space    used 4788K, capacity 4980K, committed 4992K, reserved 1048576K
Event: 3.735 GC heap after
Heap after GC invocations=8 (full 2):
 PSYoungGen      total 71680K, used 0K [0x00000000d5c00000, 0x00000000dc580000, 0x0000000100000000)
  eden space 61952K, 0% used [0x00000000d5c00000,0x00000000d5c00000,0x00000000d9880000)
  from space 9728K, 0% used [0x00000000da200000,0x00000000da200000,0x00000000dab80000)
  to   space 9728K, 0% used [0x00000000d9880000,0x00000000d9880000,0x00000000da200000)
 ParOldGen       total 96768K, used 11504K [0x0000000081400000, 0x0000000087280000, 0x00000000d5c00000)
  object space 96768K, 11% used [0x0000000081400000,0x0000000081f3c1a0,0x0000000087280000)
 Metaspace       used 34367K, capacity 35242K, committed 35416K, reserved 1079296K
  class space    used 4788K, capacity 4980K, committed 4992K, reserved 1048576K
}

Deoptimization events (10 events):
Event: 3.751 Thread 0x000000001a787000 Uncommon trap: reason=bimorphic action=maybe_recompile pc=0x0000000003146aec method=java.lang.ThreadLocal.get()Ljava/lang/Object; @ 6
Event: 3.765 Thread 0x000000001a787000 Uncommon trap: reason=unstable_if action=reinterpret pc=0x0000000002ff5774 method=java.lang.ClassLoader.checkName(Ljava/lang/String;)Z @ 20
Event: 3.765 Thread 0x000000001a787000 Uncommon trap: reason=unstable_if action=reinterpret pc=0x0000000002e5ac2c method=java.lang.ClassLoader.checkName(Ljava/lang/String;)Z @ 20
Event: 3.808 Thread 0x000000001a787000 Uncommon trap: reason=array_check action=maybe_recompile pc=0x00000000033d3694 method=com.sun.javafx.css.SimpleSelector.applies(Ljavafx/css/Styleable;[Ljava/util/Set;I)Z @ 37
Event: 3.808 Thread 0x000000001a787000 Uncommon trap: reason=array_check action=maybe_recompile pc=0x00000000033d3694 method=com.sun.javafx.css.SimpleSelector.applies(Ljavafx/css/Styleable;[Ljava/util/Set;I)Z @ 37
Event: 3.808 Thread 0x000000001a787000 Uncommon trap: reason=array_check action=maybe_recompile pc=0x00000000033d3694 method=com.sun.javafx.css.SimpleSelector.applies(Ljavafx/css/Styleable;[Ljava/util/Set;I)Z @ 37
Event: 3.808 Thread 0x000000001a787000 Uncommon trap: reason=array_check action=maybe_recompile pc=0x00000000033d3694 method=com.sun.javafx.css.SimpleSelector.applies(Ljavafx/css/Styleable;[Ljava/util/Set;I)Z @ 37
Event: 3.824 Thread 0x000000001a787000 Uncommon trap: reason=unstable_if action=reinterpret pc=0x00000000033e9308 method=com.sun.javafx.css.SimpleSelector.applies(Ljavafx/css/Styleable;)Z @ 7
Event: 3.829 Thread 0x000000001a787000 Uncommon trap: reason=unstable_if action=reinterpret pc=0x000000000340481c method=com.sun.javafx.css.SimpleSelector.applies(Ljavafx/css/Styleable;)Z @ 7
Event: 3.867 Thread 0x000000001a787000 Uncommon trap: reason=unstable_if action=reinterpret pc=0x00000000033b746c method=com.sun.javafx.css.BitSet.addAll(Ljava/util/Collection;)Z @ 1

Internal exceptions (10 events):
Event: 0.490 Thread 0x000000001a787000 Exception <a 'java/lang/ArrayIndexOutOfBoundsException'> (0x00000000d71c0ea0) thrown at [C:\workspace\8-2-build-windows-amd64-cygwin\jdk8u65\4987\hotspot\src\share\vm\runtime\sharedRuntime.cpp, line 605]
Event: 0.507 Thread 0x000000001a787000 Exception <a 'java/lang/ArrayIndexOutOfBoundsException'> (0x00000000d7280138) thrown at [C:\workspace\8-2-build-windows-amd64-cygwin\jdk8u65\4987\hotspot\src\share\vm\runtime\sharedRuntime.cpp, line 605]
Event: 0.507 Thread 0x000000001a787000 Exception <a 'java/lang/ArrayIndexOutOfBoundsException'> (0x00000000d7285ab8) thrown at [C:\workspace\8-2-build-windows-amd64-cygwin\jdk8u65\4987\hotspot\src\share\vm\runtime\sharedRuntime.cpp, line 605]
Event: 0.574 Thread 0x000000001a787000 Implicit null exception at 0x0000000002cf3017 to 0x0000000002cf3399
Event: 0.794 Thread 0x000000001a787000 Implicit null exception at 0x0000000002e113db to 0x0000000002e11d31
Event: 0.842 Thread 0x000000001a787000 Implicit null exception at 0x0000000002c84e57 to 0x0000000002c851d9
Event: 3.111 Thread 0x000000001a787000 Implicit null exception at 0x000000000319b003 to 0x000000000319b4de
Event: 3.312 Thread 0x000000001a787000 Implicit null exception at 0x0000000002ce4635 to 0x0000000002ce4805
Event: 3.571 Thread 0x000000001a787000 Exception <a 'java/io/FileNotFoundException'> (0x00000000d88f9180) thrown at [C:\workspace\8-2-build-windows-amd64-cygwin\jdk8u65\4987\hotspot\src\share\vm\prims\jni.cpp, line 709]
Event: 3.867 Thread 0x000000001a787000 Implicit null exception at 0x00000000033b6f31 to 0x00000000033b7455

Events (10 events):
Event: 3.928 loading class javafx/scene/effect/DropShadow$1
Event: 3.928 loading class javafx/scene/effect/DropShadow$1 done
Event: 3.928 loading class com/sun/javafx/effect/EffectDirtyBits
Event: 3.928 loading class com/sun/javafx/effect/EffectDirtyBits done
Event: 3.953 Thread 0x000000001a787000 DEOPT PACKING pc=0x00000000033aef7e sp=0x000000001b37c550
Event: 3.953 Thread 0x000000001a787000 DEOPT UNPACKING pc=0x0000000002ab787f sp=0x000000001b37c2b0 mode 0
Event: 3.968 Thread 0x000000001a787000 DEOPT PACKING pc=0x00000000033aef7e sp=0x000000001b37c750
Event: 3.968 Thread 0x000000001a787000 DEOPT UNPACKING pc=0x0000000002ab787f sp=0x000000001b37c4b0 mode 0
Event: 3.973 Thread 0x000000001a787000 DEOPT PACKING pc=0x00000000033aef7e sp=0x000000001b37c7a0
Event: 3.973 Thread 0x000000001a787000 DEOPT UNPACKING pc=0x0000000002ab787f sp=0x000000001b37c500 mode 0


Dynamic libraries:
0x00007ff7bf350000 - 0x00007ff7bf387000 	C:\Program Files\Java\jre1.8.0_65\bin\javaw.exe
0x00007ffc4b8b0000 - 0x00007ffc4ba71000 	C:\WINDOWS\SYSTEM32\ntdll.dll
0x00007ffc495d0000 - 0x00007ffc4967d000 	C:\WINDOWS\system32\KERNEL32.DLL
0x00007ffc48a10000 - 0x00007ffc48bf8000 	C:\WINDOWS\system32\KERNELBASE.dll
0x00007ffc49fb0000 - 0x00007ffc4a057000 	C:\WINDOWS\system32\ADVAPI32.dll
0x00007ffc48f90000 - 0x00007ffc4902d000 	C:\WINDOWS\system32\msvcrt.dll
0x00007ffc49780000 - 0x00007ffc497db000 	C:\WINDOWS\system32\sechost.dll
0x00007ffc49a90000 - 0x00007ffc49bac000 	C:\WINDOWS\system32\RPCRT4.dll
0x00007ffc49bb0000 - 0x00007ffc49d06000 	C:\WINDOWS\system32\USER32.dll
0x00007ffc48cb0000 - 0x00007ffc48e36000 	C:\WINDOWS\system32\GDI32.dll
0x00007ffc43ef0000 - 0x00007ffc44164000 	C:\WINDOWS\WinSxS\amd64_microsoft.windows.common-controls_6595b64144ccf1df_6.0.10586.0_none_8c15ae12515e1c22\COMCTL32.dll
0x00007ffc49d30000 - 0x00007ffc49fad000 	C:\WINDOWS\system32\combase.dll
0x00007ffc489a0000 - 0x00007ffc48a0a000 	C:\WINDOWS\system32\bcryptPrimitives.dll
0x00007ffc48e40000 - 0x00007ffc48e7b000 	C:\WINDOWS\system32\IMM32.DLL
0x0000000054380000 - 0x0000000054452000 	C:\Program Files\Java\jre1.8.0_65\bin\msvcr100.dll
0x0000000054540000 - 0x0000000054dc9000 	C:\Program Files\Java\jre1.8.0_65\bin\server\jvm.dll
0x00007ffc49680000 - 0x00007ffc49688000 	C:\WINDOWS\system32\PSAPI.DLL
0x00007ffc46250000 - 0x00007ffc46273000 	C:\WINDOWS\SYSTEM32\WINMM.dll
0x00007ffc218f0000 - 0x00007ffc218f9000 	C:\WINDOWS\SYSTEM32\WSOCK32.dll
0x00007ffc43c60000 - 0x00007ffc43c6a000 	C:\WINDOWS\SYSTEM32\VERSION.dll
0x00007ffc49690000 - 0x00007ffc496fb000 	C:\WINDOWS\system32\WS2_32.dll
0x0000000002720000 - 0x000000000274c000 	C:\WINDOWS\SYSTEM32\WINMMBASE.dll
0x00007ffc48950000 - 0x00007ffc48993000 	C:\WINDOWS\system32\cfgmgr32.dll
0x00000000565d0000 - 0x00000000565df000 	C:\Program Files\Java\jre1.8.0_65\bin\verify.dll
0x00000000565a0000 - 0x00000000565c9000 	C:\Program Files\Java\jre1.8.0_65\bin\java.dll
0x0000000056580000 - 0x0000000056596000 	C:\Program Files\Java\jre1.8.0_65\bin\zip.dll
0x00007ffc4a060000 - 0x00007ffc4b5bc000 	C:\WINDOWS\system32\SHELL32.dll
0x00007ffc481b0000 - 0x00007ffc487f4000 	C:\WINDOWS\system32\windows.storage.dll
0x00007ffc49030000 - 0x00007ffc49082000 	C:\WINDOWS\system32\shlwapi.dll
0x00007ffc47f00000 - 0x00007ffc47f0f000 	C:\WINDOWS\system32\kernel.appcore.dll
0x00007ffc48890000 - 0x00007ffc48945000 	C:\WINDOWS\system32\shcore.dll
0x00007ffc47f10000 - 0x00007ffc47f5b000 	C:\WINDOWS\system32\powrprof.dll
0x00007ffc47ee0000 - 0x00007ffc47ef4000 	C:\WINDOWS\system32\profapi.dll
0x00007ffc06860000 - 0x00007ffc0694f000 	C:\Program Files\Java\jre1.8.0_65\bin\msvcr120.dll
0x00007ffc067b0000 - 0x00007ffc06856000 	C:\Program Files\Java\jre1.8.0_65\bin\msvcp120.dll
0x00000000564e0000 - 0x0000000056503000 	C:\Program Files\Java\jre1.8.0_65\bin\prism_d3d.dll
0x00007ffc22480000 - 0x00007ffc22690000 	C:\WINDOWS\system32\d3d9.dll
0x00007ffc44aa0000 - 0x00007ffc44ac2000 	C:\WINDOWS\SYSTEM32\dwmapi.dll
0x00007ffc46850000 - 0x00007ffc468e6000 	C:\WINDOWS\system32\uxtheme.dll
0x00007ffc10630000 - 0x00007ffc126e9000 	C:\WINDOWS\SYSTEM32\igdumdim64.dll
0x00007ffc490f0000 - 0x00007ffc49519000 	C:\WINDOWS\system32\SETUPAPI.dll
0x00007ffc4b630000 - 0x00007ffc4b6f1000 	C:\WINDOWS\system32\OLEAUT32.dll
0x00007ffc49940000 - 0x00007ffc49a83000 	C:\WINDOWS\system32\ole32.dll
0x0000000056490000 - 0x00000000564d3000 	C:\Program Files\Java\jre1.8.0_65\bin\glass.dll
0x00007ffc48e80000 - 0x00007ffc48f8b000 	C:\WINDOWS\system32\COMDLG32.dll
0x00007ffc48800000 - 0x00007ffc48886000 	C:\WINDOWS\system32\FirewallAPI.dll
0x00007ffc48190000 - 0x00007ffc481a7000 	C:\WINDOWS\system32\NETAPI32.dll
0x00007ffc43ed0000 - 0x00007ffc43edc000 	C:\WINDOWS\SYSTEM32\DAVHLPR.DLL
0x00007ffc46c80000 - 0x00007ffc46cb2000 	C:\WINDOWS\SYSTEM32\fwbase.dll
0x00007ffc497e0000 - 0x00007ffc4993a000 	C:\WINDOWS\system32\MSCTF.dll
0x00007ffc3dd80000 - 0x00007ffc3e79f000 	C:\WINDOWS\SYSTEM32\igdusc64.dll
0x0000000056470000 - 0x0000000056484000 	C:\Program Files\Java\jre1.8.0_65\bin\javafx_font.dll
0x00007ffc3ac80000 - 0x00007ffc3aee0000 	C:\WINDOWS\SYSTEM32\dwrite.dll
0x0000000056560000 - 0x000000005657a000 	C:\Program Files\Java\jre1.8.0_65\bin\net.dll
0x00007ffc477a0000 - 0x00007ffc477fc000 	C:\WINDOWS\system32\mswsock.dll
0x00007ffc468f0000 - 0x00007ffc4699a000 	C:\WINDOWS\SYSTEM32\DNSAPI.dll
0x00007ffc4b5c0000 - 0x00007ffc4b5c8000 	C:\WINDOWS\system32\NSI.dll
0x00007ffc3a0a0000 - 0x00007ffc3a0aa000 	C:\Windows\System32\rasadhlp.dll
0x00007ffc42920000 - 0x00007ffc42987000 	C:\WINDOWS\System32\fwpuclnt.dll
0x00007ffc47e00000 - 0x00007ffc47e29000 	C:\WINDOWS\SYSTEM32\bcrypt.dll
0x00007ffc47850000 - 0x00007ffc47867000 	C:\WINDOWS\SYSTEM32\CRYPTSP.dll
0x00007ffc474e0000 - 0x00007ffc47514000 	C:\WINDOWS\system32\rsaenh.dll
0x00007ffc47630000 - 0x00007ffc4764f000 	C:\WINDOWS\SYSTEM32\USERENV.dll
0x00007ffc47970000 - 0x00007ffc4797b000 	C:\WINDOWS\SYSTEM32\CRYPTBASE.dll
0x00007ffc457f0000 - 0x00007ffc45828000 	C:\WINDOWS\SYSTEM32\IPHLPAPI.DLL
0x00007ffc422e0000 - 0x00007ffc422f6000 	C:\WINDOWS\SYSTEM32\dhcpcsvc6.DLL
0x00007ffc42120000 - 0x00007ffc4213a000 	C:\WINDOWS\SYSTEM32\dhcpcsvc.DLL
0x0000000056540000 - 0x0000000056551000 	C:\Program Files\Java\jre1.8.0_65\bin\nio.dll
0x00007ffc49520000 - 0x00007ffc495c7000 	C:\WINDOWS\system32\clbcatq.dll
0x00007ffc42760000 - 0x00007ffc42911000 	C:\WINDOWS\SYSTEM32\WindowsCodecs.dll
0x00007ffc1ea60000 - 0x00007ffc1eaaa000 	C:\WINDOWS\system32\dataexchange.dll
0x00007ffc46470000 - 0x00007ffc46553000 	C:\WINDOWS\system32\dcomp.dll
0x00007ffc447b0000 - 0x00007ffc44a58000 	C:\WINDOWS\system32\d3d11.dll
0x00007ffc44700000 - 0x00007ffc447a2000 	C:\WINDOWS\system32\dxgi.dll
0x00007ffc469f0000 - 0x00007ffc46af0000 	C:\WINDOWS\system32\twinapi.appcore.dll
0x00007ffc2eb30000 - 0x00007ffc2eb64000 	C:\Program Files\Common Files\Microsoft Shared\Ink\rtscom.dll

VM Arguments:
jvm_args: -Dfile.encoding=Cp1250 
java_command: application.Main
java_class_path (initial): D:\Documents\workspace\Java Mars workspace\Evidence\bin;C:\Users\Tomáš\.p2\pool\plugins\org.eclipse.fx.ide.css.jfx8_2.3.0.201603030809.jar;D:\Documents\workspace\Java Mars workspace\Evidence\lib\hibernate 5.2.0\required\antlr-2.7.7.jar;D:\Documents\workspace\Java Mars workspace\Evidence\lib\hibernate 5.2.0\required\cdi-api-1.1-PFD.jar;D:\Documents\workspace\Java Mars workspace\Evidence\lib\hibernate 5.2.0\required\classmate-1.3.0.jar;D:\Documents\workspace\Java Mars workspace\Evidence\lib\hibernate 5.2.0\required\dom4j-1.6.1.jar;D:\Documents\workspace\Java Mars workspace\Evidence\lib\hibernate 5.2.0\required\el-api-2.2.jar;D:\Documents\workspace\Java Mars workspace\Evidence\lib\hibernate 5.2.0\required\geronimo-jta_1.1_spec-1.1.1.jar;D:\Documents\workspace\Java Mars workspace\Evidence\lib\hibernate 5.2.0\required\hibernate-commons-annotations-5.0.1.Final.jar;D:\Documents\workspace\Java Mars workspace\Evidence\lib\hibernate 5.2.0\required\hibernate-core-5.2.0.Final.jar;D:\Documents\workspace\Java Mars workspace\Evidence\lib\hibernate 5.2.0\required\hibernate-jpa-2.1-api-1.0.0.Final.jar;D:\Documents\workspace\Java Mars workspace\Evidence\lib\hibernate 5.2.0\required\jandex-2.0.0.Final.jar;D:\Documents\workspace\Java Mars workspace\Evidence\lib\hibernate 5.2.0\required\javassist-3.20.0-GA.jar;D:\Documents\workspace\Java Mars workspace\Evidence\lib\hibernate 5.2.0\required\javax.inject-1.jar;D:\Documents\workspace\Java Mars workspace\Evidence\lib\hibernate 5.2.0\required\jboss-interceptors-api_1.1_spec-1.0.0.Beta1.jar;D:\Documents\workspace\Java Mars workspace\Evidence\lib\hibernate 5.2.0\required\jboss-logging-3.3.0.Final.jar;D:\Documents\workspace\Java Mars workspace\Evidence\lib\hibernate 5.2.0\required\jsr250-api-1.0.jar;D:\Documents\workspace\Java Mars workspace\Evidence\lib\mysql\mysql-connector-java-5.1.38-bin.jar;D:\Documents\workspace\Java Mars workspace\Evidence\lib\hibernate 5.2.0\jpa-metamodel-generator\hibernate-jpamodelgen-5.2.
Launcher Type: SUN_STANDARD

Environment Variables:
PATH=C:/Program Files/Java/jre1.8.0_65/bin/server;C:/Program Files/Java/jre1.8.0_65/bin;C:/Program Files/Java/jre1.8.0_65/lib/amd64;C:\ProgramData\Oracle\Java\javapath;C:\WINDOWS\system32;C:\WINDOWS;C:\WINDOWS\System32\Wbem;C:\WINDOWS\System32\WindowsPowerShell\v1.0\;C:\Program Files (x86)\Windows Kits\8.1\Windows Performance Toolkit\;C:\Program Files\Microsoft SQL Server\110\Tools\Binn\;C:\Program Files (x86)\NVIDIA Corporation\PhysX\Common;C:\WINDOWS\system32;C:\WINDOWS;C:\WINDOWS\System32\Wbem;C:\WINDOWS\System32\WindowsPowerShell\v1.0\;C:\Program Files\Oracle\Database client 12g\instantclient_12_1;"C:\Program Files\Java\jdk1.8.0_60";C:\Program Files (x86)\Skype\Phone\;C:\Program Files\Microsoft SQL Server\110\DTS\Binn\;C:\Program Files (x86)\Microsoft SQL Server\110\Tools\Binn\;C:\Program Files (x86)\Microsoft SQL Server\110\Tools\Binn\ManagementStudio\;C:\Program Files (x86)\Microsoft Visual Studio 10.0\Common7\IDE\PrivateAssemblies\;C:\Program Files (x86)\Microsoft SQL Server\110\DTS\Binn\;C:\Program Files\Git\cmd;C:\Users\Tomáš\Desktop;
USERNAME=Tomáš
OS=Windows_NT
PROCESSOR_IDENTIFIER=Intel64 Family 6 Model 60 Stepping 3, GenuineIntel



---------------  S Y S T E M  ---------------

OS: Windows 10.0 , 64 bit Build 10586 (10.0.10586.0)

CPU:total 8 (4 cores per cpu, 2 threads per core) family 6 model 60 stepping 3, cmov, cx8, fxsr, mmx, sse, sse2, sse3, ssse3, sse4.1, sse4.2, popcnt, avx, avx2, aes, clmul, erms, lzcnt, ht, tsc, tscinvbit, bmi1, bmi2

Memory: 4k page, physical 8306316k(917076k free), swap 28661128k(8820k free)

vm_info: Java HotSpot(TM) 64-Bit Server VM (25.65-b01) for windows-amd64 JRE (1.8.0_65-b17), built on Oct  6 2015 16:39:20 by "java_re" with MS VC++ 10.0 (VS2010)

time: Mon Jun 27 00:06:40 2016
elapsed time: 4 seconds (0d 0h 0m 4s)

